#
# A fatal error has been detected by the Java Runtime Environment:
#
#  EXCEPTION_ACCESS_VIOLATION (0xc0000005) at pc=0x000001ebb91f1066, pid=5824, tid=0x00000000000056cc
#
# JRE version: OpenJDK Runtime Environment (8.0_402-b06) (build 1.8.0_402-b06)
# Java VM: OpenJDK 64-Bit Server VM (25.402-b06 mixed mode windows-amd64 compressed oops)
# Problematic frame:
# C  [OpenAL64.dll+0x11066]
#
# Failed to write core dump. Minidumps are not enabled by default on client versions of Windows
#
# If you would like to submit a bug report, please visit:
#   https://github.com/adoptium/adoptium-support/issues
# The crash happened outside the Java Virtual Machine in native code.
# See problematic frame for where to report the bug.
#

---------------  T H R E A D  ---------------

Current thread (0x000001eb95e79000):  JavaThread "main" [_thread_in_native, id=22220, stack(0x000000b33b000000,0x000000b33b100000)]

siginfo: ExceptionCode=0xc0000005, reading address 0x000001ebb7958004

Registers:
RAX=0x0000000000000004, RBX=0x000001ebbc9c0090, RCX=0x000001ebb7958008, RDX=0x000001ebb7958004
RSP=0x000000b33b0fc230, RBP=0x00000000000000ff, RSI=0x000001ebb7956d6c, RDI=0x0000000000000000
R8 =0x00000000000004a6, R9 =0x000001ebb7956d6c, R10=0x000001eb97939622, R11=0x0000000068d08ff0
R12=0x0000000000000001, R13=0x000001ebb7ccac80, R14=0x000000b33b0fc3d0, R15=0x000001eb95e79000
RIP=0x000001ebb91f1066, EFLAGS=0x0000000000010202

Top of Stack: (sp=0x000000b33b0fc230)
0x000000b33b0fc230:   0000000000000000 000001eb95e79000
0x000000b33b0fc240:   000000b33b0fc3d0 000001ebb7ccac80
0x000000b33b0fc250:   000001ebb7ccac80 0000000000000000
0x000000b33b0fc260:   000001eb95e79000 0000000000000000
0x000000b33b0fc270:   000000b33b0fc398 0000000068b9f2bb
0x000000b33b0fc280:   000000b33b0fc2b0 000001eb9797a2d3
0x000000b33b0fc290:   000001eb95e78400 000001eb95e799b0
0x000000b33b0fc2a0:   000001eb95e79000 000000b33b0fc3d0
0x000000b33b0fc2b0:   000001ebb7ccac80 0000000000000000
0x000000b33b0fc2c0:   000001ebb7956d6c 0000000000000248
0x000000b33b0fc2d0:   000000b33b0fc398 000001ebb91f248f
0x000000b33b0fc2e0:   000001ebbc9c0090 000001ebbc9c0090
0x000000b33b0fc2f0:   000001eb0000ac44 000001eb00000004
0x000000b33b0fc300:   000001eb97927bd0 000001eb9793964e
0x000000b33b0fc310:   000001ebb7ccac80 0000000000000248
0x000000b33b0fc320:   000001eb97927bd0 000001eb9793935b 

Instructions: (pc=0x000001ebb91f1066)
0x000001ebb91f1046:   41 2b ec 81 3a 03 00 02 00 75 09 8b 01 89 84 24
0x000001ebb91f1056:   c8 00 00 00 49 83 c0 02 48 83 c1 08 4a 8d 14 86
0x000001ebb91f1066:   39 3a 75 af 4c 8d 84 24 c0 00 00 00 48 8d 15 d7
0x000001ebb91f1076:   2b 03 00 33 c9 e8 58 5f 00 00 b8 40 1f 00 00 4c 


Register to memory mapping:

RAX=0x0000000000000004 is an unknown value
RBX=0x000001ebbc9c0090 is an unknown value
RCX=0x000001ebb7958008 is an unknown value
RDX=0x000001ebb7958004 is an unknown value
RSP=0x000000b33b0fc230 is pointing into the stack for thread: 0x000001eb95e79000
RBP=0x00000000000000ff is an unknown value
RSI=0x000001ebb7956d6c is an unknown value
RDI=0x0000000000000000 is an unknown value
R8 =0x00000000000004a6 is an unknown value
R9 =0x000001ebb7956d6c is an unknown value
R10=0x000001eb97939622 is at code_begin+962 in an Interpreter codelet
method entry point (kind = native)  [0x000001eb97939260, 0x000001eb97939d00]  2720 bytes
R11=0x0000000068d08ff0 is an unknown value
R12=0x0000000000000001 is an unknown value
R13={method} {0x000001ebb7ccac88} 'nalcCreateContext' '(JJ)J' in 'org/lwjgl/openal/ALC10'
R14=0x000000b33b0fc3d0 is pointing into the stack for thread: 0x000001eb95e79000
R15=0x000001eb95e79000 is a thread


Stack: [0x000000b33b000000,0x000000b33b100000],  sp=0x000000b33b0fc230,  free space=1008k
Native frames: (J=compiled Java code, j=interpreted, Vv=VM code, C=native code)
C  [OpenAL64.dll+0x11066]
C  [OpenAL64.dll+0x1248f]
C  0x000001eb9793964e

Java frames: (J=compiled Java code, j=interpreted, Vv=VM code)
j  org.lwjgl.openal.ALC10.nalcCreateContext(JJ)J+0
j  org.lwjgl.openal.ALC10.alcCreateContext(Lorg/lwjgl/openal/ALCdevice;Ljava/nio/IntBuffer;)Lorg/lwjgl/openal/ALCcontext;+8
j  org.lwjgl.openal.AL.init(Ljava/lang/String;IIZZ)V+69
j  org.lwjgl.openal.AL.create(Ljava/lang/String;IIZZ)V+246
j  org.lwjgl.openal.AL.create(Ljava/lang/String;IIZ)V+5
j  org.lwjgl.openal.AL.create()V+6
j  com.badlogic.gdx.backends.lwjgl.audio.OpenALAudio.<init>(III)V+114
j  com.badlogic.gdx.backends.lwjgl.LwjglApplication.<init>(Lcom/badlogic/gdx/ApplicationListener;Lcom/badlogic/gdx/backends/lwjgl/LwjglApplicationConfiguration;Lcom/badlogic/gdx/backends/lwjgl/LwjglGraphics;)V+120
j  com.badlogic.gdx.backends.lwjgl.LwjglApplication.<init>(Lcom/badlogic/gdx/ApplicationListener;Lcom/badlogic/gdx/backends/lwjgl/LwjglApplicationConfiguration;)V+11
j  org.uqbar.project.wollok.game.gameboard.WollokGDXApplication.<init>(Lorg/uqbar/project/wollok/game/gameboard/Gameboard;Ljava/lang/Boolean;)V+17
j  org.uqbar.project.wollok.game.helpers.Application.start(Lorg/uqbar/project/wollok/game/gameboard/Gameboard;Ljava/lang/Boolean;)V+5
j  org.uqbar.project.wollok.game.gameboard.Gameboard.start(Ljava/lang/Boolean;)V+13
j  wollok.game.GameObject.doStart(Ljava/lang/Boolean;)V+12
v  ~StubRoutines::call_stub
j  sun.reflect.NativeMethodAccessorImpl.invoke0(Ljava/lang/reflect/Method;Ljava/lang/Object;[Ljava/lang/Object;)Ljava/lang/Object;+0
j  sun.reflect.NativeMethodAccessorImpl.invoke(Ljava/lang/Object;[Ljava/lang/Object;)Ljava/lang/Object;+100
J 3022 C1 sun.reflect.DelegatingMethodAccessorImpl.invoke(Ljava/lang/Object;[Ljava/lang/Object;)Ljava/lang/Object; (10 bytes) @ 0x000001eb984a3a8c [0x000001eb984a3980+0x10c]
J 3021 C1 java.lang.reflect.Method.invoke(Ljava/lang/Object;[Ljava/lang/Object;)Ljava/lang/Object; (62 bytes) @ 0x000001eb984aaef4 [0x000001eb984aab00+0x3f4]
j  org.uqbar.project.wollok.ui.utils.XTendUtilExtensions.invokeConvertingArgs(Ljava/lang/reflect/Method;Ljava/lang/Object;[Ljava/lang/Object;)Lorg/uqbar/project/wollok/interpreter/core/WollokObject;+261
j  org.uqbar.project.wollok.interpreter.AbstractWollokCallable._invokeNative(Ljava/lang/Object;Ljava/lang/String;[Lorg/uqbar/project/wollok/interpreter/core/WollokObject;)Lorg/uqbar/project/wollok/interpreter/core/WollokObject;+41
j  org.uqbar.project.wollok.interpreter.AbstractWollokCallable.invokeNative(Ljava/lang/Object;Ljava/lang/String;[Lorg/uqbar/project/wollok/interpreter/core/WollokObject;)Lorg/uqbar/project/wollok/interpreter/core/WollokObject;+26
j  org.uqbar.project.wollok.interpreter.AbstractWollokCallable$1.apply()Lorg/uqbar/project/wollok/interpreter/core/WollokObject;+55
j  org.uqbar.project.wollok.interpreter.AbstractWollokCallable$1.apply()Ljava/lang/Object;+1
j  org.uqbar.project.wollok.interpreter.threads.WThread.performOnStack(Lorg/eclipse/emf/ecore/EObject;Lorg/uqbar/project/wollok/interpreter/context/EvaluationContext;Lorg/eclipse/xtext/xbase/lib/Functions$Function0;)Lorg/uqbar/project/wollok/interpreter/core/WollokObject;+29
j  org.uqbar.project.wollok.interpreter.WollokInterpreter.performOnStack(Lorg/eclipse/emf/ecore/EObject;Lorg/uqbar/project/wollok/interpreter/context/EvaluationContext;Lorg/eclipse/xtext/xbase/lib/Functions$Function0;)Lorg/uqbar/project/wollok/interpreter/core/WollokObject;+7
j  org.uqbar.project.wollok.interpreter.AbstractWollokCallable.call(Lorg/uqbar/project/wollok/wollokDsl/WMethodDeclaration;[Lorg/uqbar/project/wollok/interpreter/core/WollokObject;)Lorg/uqbar/project/wollok/interpreter/core/WollokObject;+38
j  org.uqbar.project.wollok.interpreter.core.WollokObject.call(Ljava/lang/String;[Lorg/uqbar/project/wollok/interpreter/core/WollokObject;)Lorg/uqbar/project/wollok/interpreter/core/WollokObject;+55
j  org.uqbar.project.wollok.interpreter.WollokInterpreterEvaluator._evaluate(Lorg/uqbar/project/wollok/wollokDsl/WFeatureCall;)Lorg/uqbar/project/wollok/interpreter/core/WollokObject;+119
j  org.uqbar.project.wollok.launch.WollokLauncherInterpreterEvaluator.evaluate(Lorg/eclipse/emf/ecore/EObject;)Lorg/uqbar/project/wollok/interpreter/core/WollokObject;+412
j  org.uqbar.project.wollok.interpreter.WollokInterpreterEvaluator.evaluate(Lorg/eclipse/emf/ecore/EObject;)Ljava/lang/Object;+2
j  org.uqbar.project.wollok.interpreter.WollokInterpreter.eval(Lorg/eclipse/emf/ecore/EObject;)Lorg/uqbar/project/wollok/interpreter/core/WollokObject;+63
j  org.uqbar.project.wollok.interpreter.WollokInterpreterEvaluator.eval(Lorg/eclipse/emf/ecore/EObject;)Lorg/uqbar/project/wollok/interpreter/core/WollokObject;+5
j  org.uqbar.project.wollok.interpreter.WollokInterpreterEvaluator$1.apply(Lorg/uqbar/project/wollok/interpreter/core/WollokObject;Lorg/eclipse/emf/ecore/EObject;)Lorg/uqbar/project/wollok/interpreter/core/WollokObject;+5
j  org.uqbar.project.wollok.interpreter.WollokInterpreterEvaluator$1.apply(Ljava/lang/Object;Ljava/lang/Object;)Ljava/lang/Object;+9
j  org.eclipse.xtext.xbase.lib.IteratorExtensions.fold(Ljava/util/Iterator;Ljava/lang/Object;Lorg/eclipse/xtext/xbase/lib/Functions$Function2;)Ljava/lang/Object;+19
j  org.eclipse.xtext.xbase.lib.IterableExtensions.fold(Ljava/lang/Iterable;Ljava/lang/Object;Lorg/eclipse/xtext/xbase/lib/Functions$Function2;)Ljava/lang/Object;+8
j  org.uqbar.project.wollok.interpreter.WollokInterpreterEvaluator.evalAll(Ljava/lang/Iterable;)Lorg/uqbar/project/wollok/interpreter/core/WollokObject;+12
j  org.uqbar.project.wollok.interpreter.WollokInterpreterEvaluator._evaluate(Lorg/uqbar/project/wollok/wollokDsl/WBlockExpression;)Lorg/uqbar/project/wollok/interpreter/core/WollokObject;+34
j  org.uqbar.project.wollok.launch.WollokLauncherInterpreterEvaluator.evaluate(Lorg/eclipse/emf/ecore/EObject;)Lorg/uqbar/project/wollok/interpreter/core/WollokObject;+76
j  org.uqbar.project.wollok.interpreter.WollokInterpreterEvaluator.evaluate(Lorg/eclipse/emf/ecore/EObject;)Ljava/lang/Object;+2
j  org.uqbar.project.wollok.interpreter.WollokInterpreter.eval(Lorg/eclipse/emf/ecore/EObject;)Lorg/uqbar/project/wollok/interpreter/core/WollokObject;+63
j  org.uqbar.project.wollok.interpreter.AbstractWollokCallable.eval(Lorg/eclipse/emf/ecore/EObject;)Lorg/uqbar/project/wollok/interpreter/core/WollokObject;+5
j  org.uqbar.project.wollok.interpreter.AbstractWollokCallable$1.apply()Lorg/uqbar/project/wollok/interpreter/core/WollokObject;+110
j  org.uqbar.project.wollok.interpreter.AbstractWollokCallable$1.apply()Ljava/lang/Object;+1
j  org.uqbar.project.wollok.interpreter.threads.WThread.performOnStack(Lorg/eclipse/emf/ecore/EObject;Lorg/uqbar/project/wollok/interpreter/context/EvaluationContext;Lorg/eclipse/xtext/xbase/lib/Functions$Function0;)Lorg/uqbar/project/wollok/interpreter/core/WollokObject;+29
j  org.uqbar.project.wollok.interpreter.WollokInterpreter.performOnStack(Lorg/eclipse/emf/ecore/EObject;Lorg/uqbar/project/wollok/interpreter/context/EvaluationContext;Lorg/eclipse/xtext/xbase/lib/Functions$Function0;)Lorg/uqbar/project/wollok/interpreter/core/WollokObject;+7
j  org.uqbar.project.wollok.interpreter.AbstractWollokCallable.call(Lorg/uqbar/project/wollok/wollokDsl/WMethodDeclaration;[Lorg/uqbar/project/wollok/interpreter/core/WollokObject;)Lorg/uqbar/project/wollok/interpreter/core/WollokObject;+38
j  org.uqbar.project.wollok.interpreter.core.WollokObject.call(Ljava/lang/String;[Lorg/uqbar/project/wollok/interpreter/core/WollokObject;)Lorg/uqbar/project/wollok/interpreter/core/WollokObject;+55
j  org.uqbar.project.wollok.interpreter.WollokInterpreterEvaluator._evaluate(Lorg/uqbar/project/wollok/wollokDsl/WFeatureCall;)Lorg/uqbar/project/wollok/interpreter/core/WollokObject;+119
j  org.uqbar.project.wollok.launch.WollokLauncherInterpreterEvaluator.evaluate(Lorg/eclipse/emf/ecore/EObject;)Lorg/uqbar/project/wollok/interpreter/core/WollokObject;+412
j  org.uqbar.project.wollok.interpreter.WollokInterpreterEvaluator.evaluate(Lorg/eclipse/emf/ecore/EObject;)Ljava/lang/Object;+2
j  org.uqbar.project.wollok.interpreter.WollokInterpreter.eval(Lorg/eclipse/emf/ecore/EObject;)Lorg/uqbar/project/wollok/interpreter/core/WollokObject;+63
j  org.uqbar.project.wollok.interpreter.WollokInterpreterEvaluator.eval(Lorg/eclipse/emf/ecore/EObject;)Lorg/uqbar/project/wollok/interpreter/core/WollokObject;+5
j  org.uqbar.project.wollok.interpreter.WollokInterpreterEvaluator$1.apply(Lorg/uqbar/project/wollok/interpreter/core/WollokObject;Lorg/eclipse/emf/ecore/EObject;)Lorg/uqbar/project/wollok/interpreter/core/WollokObject;+5
j  org.uqbar.project.wollok.interpreter.WollokInterpreterEvaluator$1.apply(Ljava/lang/Object;Ljava/lang/Object;)Ljava/lang/Object;+9
j  org.eclipse.xtext.xbase.lib.IteratorExtensions.fold(Ljava/util/Iterator;Ljava/lang/Object;Lorg/eclipse/xtext/xbase/lib/Functions$Function2;)Ljava/lang/Object;+19
j  org.eclipse.xtext.xbase.lib.IterableExtensions.fold(Ljava/lang/Iterable;Ljava/lang/Object;Lorg/eclipse/xtext/xbase/lib/Functions$Function2;)Ljava/lang/Object;+8
j  org.uqbar.project.wollok.interpreter.WollokInterpreterEvaluator.evalAll(Ljava/lang/Iterable;)Lorg/uqbar/project/wollok/interpreter/core/WollokObject;+12
j  org.uqbar.project.wollok.interpreter.WollokInterpreterEvaluator._evaluate(Lorg/uqbar/project/wollok/wollokDsl/WBlockExpression;)Lorg/uqbar/project/wollok/interpreter/core/WollokObject;+34
j  org.uqbar.project.wollok.launch.WollokLauncherInterpreterEvaluator.evaluate(Lorg/eclipse/emf/ecore/EObject;)Lorg/uqbar/project/wollok/interpreter/core/WollokObject;+76
j  org.uqbar.project.wollok.interpreter.WollokInterpreterEvaluator.evaluate(Lorg/eclipse/emf/ecore/EObject;)Ljava/lang/Object;+2
j  org.uqbar.project.wollok.interpreter.WollokInterpreter.eval(Lorg/eclipse/emf/ecore/EObject;)Lorg/uqbar/project/wollok/interpreter/core/WollokObject;+63
j  org.uqbar.project.wollok.interpreter.AbstractWollokCallable.eval(Lorg/eclipse/emf/ecore/EObject;)Lorg/uqbar/project/wollok/interpreter/core/WollokObject;+5
j  org.uqbar.project.wollok.interpreter.AbstractWollokCallable$1.apply()Lorg/uqbar/project/wollok/interpreter/core/WollokObject;+110
j  org.uqbar.project.wollok.interpreter.AbstractWollokCallable$1.apply()Ljava/lang/Object;+1
j  org.uqbar.project.wollok.interpreter.threads.WThread.performOnStack(Lorg/eclipse/emf/ecore/EObject;Lorg/uqbar/project/wollok/interpreter/context/EvaluationContext;Lorg/eclipse/xtext/xbase/lib/Functions$Function0;)Lorg/uqbar/project/wollok/interpreter/core/WollokObject;+29
j  org.uqbar.project.wollok.interpreter.WollokInterpreter.performOnStack(Lorg/eclipse/emf/ecore/EObject;Lorg/uqbar/project/wollok/interpreter/context/EvaluationContext;Lorg/eclipse/xtext/xbase/lib/Functions$Function0;)Lorg/uqbar/project/wollok/interpreter/core/WollokObject;+7
j  org.uqbar.project.wollok.interpreter.AbstractWollokCallable.call(Lorg/uqbar/project/wollok/wollokDsl/WMethodDeclaration;[Lorg/uqbar/project/wollok/interpreter/core/WollokObject;)Lorg/uqbar/project/wollok/interpreter/core/WollokObject;+38
j  org.uqbar.project.wollok.interpreter.core.WollokObject.call(Ljava/lang/String;[Lorg/uqbar/project/wollok/interpreter/core/WollokObject;)Lorg/uqbar/project/wollok/interpreter/core/WollokObject;+55
j  org.uqbar.project.wollok.interpreter.WollokInterpreterEvaluator._evaluate(Lorg/uqbar/project/wollok/wollokDsl/WFeatureCall;)Lorg/uqbar/project/wollok/interpreter/core/WollokObject;+119
j  org.uqbar.project.wollok.launch.WollokLauncherInterpreterEvaluator.evaluate(Lorg/eclipse/emf/ecore/EObject;)Lorg/uqbar/project/wollok/interpreter/core/WollokObject;+412
j  org.uqbar.project.wollok.interpreter.WollokInterpreterEvaluator.evaluate(Lorg/eclipse/emf/ecore/EObject;)Ljava/lang/Object;+2
j  org.uqbar.project.wollok.interpreter.WollokInterpreter.eval(Lorg/eclipse/emf/ecore/EObject;)Lorg/uqbar/project/wollok/interpreter/core/WollokObject;+63
j  org.uqbar.project.wollok.interpreter.WollokInterpreterEvaluator.eval(Lorg/eclipse/emf/ecore/EObject;)Lorg/uqbar/project/wollok/interpreter/core/WollokObject;+5
j  org.uqbar.project.wollok.interpreter.WollokInterpreterEvaluator$1.apply(Lorg/uqbar/project/wollok/interpreter/core/WollokObject;Lorg/eclipse/emf/ecore/EObject;)Lorg/uqbar/project/wollok/interpreter/core/WollokObject;+5
j  org.uqbar.project.wollok.interpreter.WollokInterpreterEvaluator$1.apply(Ljava/lang/Object;Ljava/lang/Object;)Ljava/lang/Object;+9
j  org.eclipse.xtext.xbase.lib.IteratorExtensions.fold(Ljava/util/Iterator;Ljava/lang/Object;Lorg/eclipse/xtext/xbase/lib/Functions$Function2;)Ljava/lang/Object;+19
j  org.eclipse.xtext.xbase.lib.IterableExtensions.fold(Ljava/lang/Iterable;Ljava/lang/Object;Lorg/eclipse/xtext/xbase/lib/Functions$Function2;)Ljava/lang/Object;+8
j  org.uqbar.project.wollok.interpreter.WollokInterpreterEvaluator.evalAll(Ljava/lang/Iterable;)Lorg/uqbar/project/wollok/interpreter/core/WollokObject;+12
j  org.uqbar.project.wollok.interpreter.WollokInterpreterEvaluator._evaluate(Lorg/uqbar/project/wollok/wollokDsl/WProgram;)Lorg/uqbar/project/wollok/interpreter/core/WollokObject;+18
j  org.uqbar.project.wollok.launch.WollokLauncherInterpreterEvaluator.evaluate(Lorg/eclipse/emf/ecore/EObject;)Lorg/uqbar/project/wollok/interpreter/core/WollokObject;+444
j  org.uqbar.project.wollok.interpreter.WollokInterpreterEvaluator.evaluate(Lorg/eclipse/emf/ecore/EObject;)Ljava/lang/Object;+2
j  org.uqbar.project.wollok.interpreter.WollokInterpreter.eval(Lorg/eclipse/emf/ecore/EObject;)Lorg/uqbar/project/wollok/interpreter/core/WollokObject;+63
j  org.uqbar.project.wollok.interpreter.WollokInterpreterEvaluator.eval(Lorg/eclipse/emf/ecore/EObject;)Lorg/uqbar/project/wollok/interpreter/core/WollokObject;+5
j  org.uqbar.project.wollok.launch.WollokLauncherInterpreterEvaluator._evaluate(Lorg/uqbar/project/wollok/wollokDsl/WFile;)Lorg/uqbar/project/wollok/interpreter/core/WollokObject;+32
j  org.uqbar.project.wollok.launch.WollokLauncherInterpreterEvaluator.evaluate(Lorg/eclipse/emf/ecore/EObject;)Lorg/uqbar/project/wollok/interpreter/core/WollokObject;+428
j  org.uqbar.project.wollok.interpreter.WollokInterpreterEvaluator.evaluate(Lorg/eclipse/emf/ecore/EObject;)Ljava/lang/Object;+2
j  org.uqbar.project.wollok.interpreter.WollokInterpreter.interpret(Lorg/eclipse/emf/ecore/EObject;Ljava/lang/Boolean;)Lorg/uqbar/project/wollok/interpreter/core/WollokObject;+25
j  org.uqbar.project.wollok.interpreter.WollokInterpreter.interpret(Lorg/eclipse/emf/ecore/EObject;)Lorg/uqbar/project/wollok/interpreter/core/WollokObject;+8
j  org.uqbar.project.wollok.launch.WollokLauncher.doSomething(Lorg/uqbar/project/wollok/wollokDsl/WFile;Lcom/google/inject/Injector;Ljava/io/File;Lorg/uqbar/project/wollok/launch/WollokLauncherParameters;)V+109
j  org.uqbar.project.wollok.launch.WollokChecker.launch(Ljava/lang/String;Lorg/uqbar/project/wollok/launch/WollokLauncherParameters;)V+31
j  org.uqbar.project.wollok.launch.WollokChecker.doMain([Ljava/lang/String;)V+205
j  org.uqbar.project.wollok.launch.WollokLauncher.main([Ljava/lang/String;)V+8
v  ~StubRoutines::call_stub

---------------  P R O C E S S  ---------------

Java Threads: ( => current thread )
  0x000001ebb473d800 JavaThread "com.google.inject.internal.util.$Finalizer" daemon [_thread_blocked, id=14872, stack(0x000000b33d200000,0x000000b33d300000)]
  0x000001ebb4570000 JavaThread "EMF Reference Cleaner" daemon [_thread_blocked, id=21704, stack(0x000000b33d100000,0x000000b33d200000)]
  0x000001ebb3663000 JavaThread "Service Thread" daemon [_thread_blocked, id=6516, stack(0x000000b33cf00000,0x000000b33d000000)]
  0x000001ebb35d4800 JavaThread "C1 CompilerThread11" daemon [_thread_blocked, id=18012, stack(0x000000b33ce00000,0x000000b33cf00000)]
  0x000001ebb35da000 JavaThread "C1 CompilerThread10" daemon [_thread_blocked, id=2996, stack(0x000000b33cd00000,0x000000b33ce00000)]
  0x000001ebb35db000 JavaThread "C1 CompilerThread9" daemon [_thread_blocked, id=3888, stack(0x000000b33cc00000,0x000000b33cd00000)]
  0x000001ebb35d5800 JavaThread "C1 CompilerThread8" daemon [_thread_blocked, id=3172, stack(0x000000b33cb00000,0x000000b33cc00000)]
  0x000001ebb35d7000 JavaThread "C2 CompilerThread7" daemon [_thread_blocked, id=4152, stack(0x000000b33ca00000,0x000000b33cb00000)]
  0x000001ebb35d9800 JavaThread "C2 CompilerThread6" daemon [_thread_blocked, id=3752, stack(0x000000b33c900000,0x000000b33ca00000)]
  0x000001ebb35db800 JavaThread "C2 CompilerThread5" daemon [_thread_blocked, id=19580, stack(0x000000b33c800000,0x000000b33c900000)]
  0x000001ebb35bb000 JavaThread "C2 CompilerThread4" daemon [_thread_blocked, id=22444, stack(0x000000b33c700000,0x000000b33c800000)]
  0x000001ebb358c000 JavaThread "C2 CompilerThread3" daemon [_thread_blocked, id=356, stack(0x000000b33c600000,0x000000b33c700000)]
  0x000001ebb3582000 JavaThread "C2 CompilerThread2" daemon [_thread_blocked, id=19648, stack(0x000000b33c500000,0x000000b33c600000)]
  0x000001ebb357d800 JavaThread "C2 CompilerThread1" daemon [_thread_blocked, id=18168, stack(0x000000b33c400000,0x000000b33c500000)]
  0x000001ebb357b000 JavaThread "C2 CompilerThread0" daemon [_thread_blocked, id=1768, stack(0x000000b33c300000,0x000000b33c400000)]
  0x000001ebb3577000 JavaThread "Attach Listener" daemon [_thread_blocked, id=21356, stack(0x000000b33c200000,0x000000b33c300000)]
  0x000001ebb3572000 JavaThread "Signal Dispatcher" daemon [_thread_blocked, id=12672, stack(0x000000b33c100000,0x000000b33c200000)]
  0x000001ebb3551800 JavaThread "Finalizer" daemon [_thread_blocked, id=20700, stack(0x000000b33c000000,0x000000b33c100000)]
  0x000001ebb3550800 JavaThread "Reference Handler" daemon [_thread_blocked, id=1984, stack(0x000000b33bf00000,0x000000b33c000000)]
=>0x000001eb95e79000 JavaThread "main" [_thread_in_native, id=22220, stack(0x000000b33b000000,0x000000b33b100000)]

Other Threads:
  0x000001ebb0941800 VMThread [stack: 0x000000b33be00000,0x000000b33bf00000] [id=11200]
  0x000001ebb3664000 WatcherThread [stack: 0x000000b33d000000,0x000000b33d100000] [id=4980]

VM state:not at safepoint (normal execution)

VM Mutex/Monitor currently owned by a thread: None

heap address: 0x00000006ca600000, size: 3930 MB, Compressed Oops mode: Zero based, Oop shift amount: 3
Narrow klass base: 0x0000000000000000, Narrow klass shift: 3
Compressed class space size: 1073741824 Address: 0x00000007c0000000

Heap:
 PSYoungGen      total 137216K, used 19618K [0x000000076e200000, 0x000000077ee00000, 0x00000007c0000000)
  eden space 126976K, 15% used [0x000000076e200000,0x000000076f528b08,0x0000000775e00000)
  from space 10240K, 0% used [0x0000000775e00000,0x0000000775e00000,0x0000000776800000)
  to   space 10240K, 0% used [0x000000077e400000,0x000000077e400000,0x000000077ee00000)
 ParOldGen       total 123392K, used 19783K [0x00000006ca600000, 0x00000006d1e80000, 0x000000076e200000)
  object space 123392K, 16% used [0x00000006ca600000,0x00000006cb951c60,0x00000006d1e80000)
 Metaspace       used 22022K, capacity 22344K, committed 22656K, reserved 1069056K
  class space    used 2756K, capacity 2864K, committed 2944K, reserved 1048576K

Card table byte_map: [0x000001eba6ce0000,0x000001eba7490000] byte_map_base: 0x000001eba368d000

Marking Bits: (ParMarkBitMap*) 0x00000000692e0850
 Begin Bits: [0x000001eba79b0000, 0x000001ebab718000)
 End Bits:   [0x000001ebab718000, 0x000001ebaf480000)

Polling page: 0x000001eb978f0000

CodeCache: size=245760Kb used=13999Kb max_used=14037Kb free=231760Kb
 bounds [0x000001eb97920000, 0x000001eb986f0000, 0x000001eba6920000]
 total_blobs=4153 nmethods=3698 adapters=365
 compilation: enabled

Compilation events (10 events):
Event: 1.623 Thread 0x000001ebb35d5800 3694       3       java.nio.DirectByteBuffer::ix (10 bytes)
Event: 1.623 Thread 0x000001ebb35d5800 nmethod 3694 0x000001eb9869e890 code [0x000001eb9869e9e0, 0x000001eb9869eb38]
Event: 1.623 Thread 0x000001ebb35da000 nmethod 3693 0x000001eb9869ff50 code [0x000001eb986a00c0, 0x000001eb986a0338]
Event: 1.624 Thread 0x000001ebb35db000 3696       3       java.nio.DirectByteBuffer::put (18 bytes)
Event: 1.624 Thread 0x000001ebb35d4800 3697       1       java.nio.DirectByteBuffer::ix (10 bytes)
Event: 1.624 Thread 0x000001ebb35d4800 nmethod 3697 0x000001eb986a0450 code [0x000001eb986a05a0, 0x000001eb986a06b8]
Event: 1.624 Thread 0x000001ebb35db000 nmethod 3696 0x000001eb986a0710 code [0x000001eb986a0880, 0x000001eb986a0af8]
Event: 1.628 Thread 0x000001ebb35d9800 3698       4       java.util.concurrent.ConcurrentHashMap::addCount (281 bytes)
Event: 1.629 Thread 0x000001ebb35d9800 nmethod 3698 0x000001eb986a3a50 code [0x000001eb986a3bc0, 0x000001eb986a3e10]
Event: 1.656 Thread 0x000001ebb35d7000 nmethod 3290 0x000001eb986abd90 code [0x000001eb986ac780, 0x000001eb986b2948]

GC Heap History (8 events):
Event: 0.506 GC heap before
{Heap before GC invocations=1 (full 0):
 PSYoungGen      total 73728K, used 63488K [0x000000076e200000, 0x0000000773400000, 0x00000007c0000000)
  eden space 63488K, 100% used [0x000000076e200000,0x0000000772000000,0x0000000772000000)
  from space 10240K, 0% used [0x0000000772a00000,0x0000000772a00000,0x0000000773400000)
  to   space 10240K, 0% used [0x0000000772000000,0x0000000772000000,0x0000000772a00000)
 ParOldGen       total 167936K, used 0K [0x00000006ca600000, 0x00000006d4a00000, 0x000000076e200000)
  object space 167936K, 0% used [0x00000006ca600000,0x00000006ca600000,0x00000006d4a00000)
 Metaspace       used 10055K, capacity 10260K, committed 10624K, reserved 1058816K
  class space    used 1195K, capacity 1288K, committed 1408K, reserved 1048576K
Event: 0.516 GC heap after
Heap after GC invocations=1 (full 0):
 PSYoungGen      total 73728K, used 10230K [0x000000076e200000, 0x0000000777200000, 0x00000007c0000000)
  eden space 63488K, 0% used [0x000000076e200000,0x000000076e200000,0x0000000772000000)
  from space 10240K, 99% used [0x0000000772000000,0x00000007729fdbe8,0x0000000772a00000)
  to   space 10240K, 0% used [0x0000000776800000,0x0000000776800000,0x0000000777200000)
 ParOldGen       total 167936K, used 2583K [0x00000006ca600000, 0x00000006d4a00000, 0x000000076e200000)
  object space 167936K, 1% used [0x00000006ca600000,0x00000006ca885c70,0x00000006d4a00000)
 Metaspace       used 10055K, capacity 10260K, committed 10624K, reserved 1058816K
  class space    used 1195K, capacity 1288K, committed 1408K, reserved 1048576K
}
Event: 0.902 GC heap before
{Heap before GC invocations=2 (full 0):
 PSYoungGen      total 73728K, used 73718K [0x000000076e200000, 0x0000000777200000, 0x00000007c0000000)
  eden space 63488K, 100% used [0x000000076e200000,0x0000000772000000,0x0000000772000000)
  from space 10240K, 99% used [0x0000000772000000,0x00000007729fdbe8,0x0000000772a00000)
  to   space 10240K, 0% used [0x0000000776800000,0x0000000776800000,0x0000000777200000)
 ParOldGen       total 167936K, used 2583K [0x00000006ca600000, 0x00000006d4a00000, 0x000000076e200000)
  object space 167936K, 1% used [0x00000006ca600000,0x00000006ca885c70,0x00000006d4a00000)
 Metaspace       used 16077K, capacity 16214K, committed 16512K, reserved 1062912K
  class space    used 2010K, capacity 2067K, committed 2176K, reserved 1048576K
Event: 0.916 GC heap after
Heap after GC invocations=2 (full 0):
 PSYoungGen      total 137216K, used 10208K [0x000000076e200000, 0x0000000777200000, 0x00000007c0000000)
  eden space 126976K, 0% used [0x000000076e200000,0x000000076e200000,0x0000000775e00000)
  from space 10240K, 99% used [0x0000000776800000,0x00000007771f8050,0x0000000777200000)
  to   space 10240K, 0% used [0x0000000775e00000,0x0000000775e00000,0x0000000776800000)
 ParOldGen       total 167936K, used 9885K [0x00000006ca600000, 0x00000006d4a00000, 0x000000076e200000)
  object space 167936K, 5% used [0x00000006ca600000,0x00000006cafa76a8,0x00000006d4a00000)
 Metaspace       used 16077K, capacity 16214K, committed 16512K, reserved 1062912K
  class space    used 2010K, capacity 2067K, committed 2176K, reserved 1048576K
}
Event: 1.413 GC heap before
{Heap before GC invocations=3 (full 0):
 PSYoungGen      total 137216K, used 67944K [0x000000076e200000, 0x0000000777200000, 0x00000007c0000000)
  eden space 126976K, 45% used [0x000000076e200000,0x0000000771a62290,0x0000000775e00000)
  from space 10240K, 99% used [0x0000000776800000,0x00000007771f8050,0x0000000777200000)
  to   space 10240K, 0% used [0x0000000775e00000,0x0000000775e00000,0x0000000776800000)
 ParOldGen       total 167936K, used 9885K [0x00000006ca600000, 0x00000006d4a00000, 0x000000076e200000)
  object space 167936K, 5% used [0x00000006ca600000,0x00000006cafa76a8,0x00000006d4a00000)
 Metaspace       used 20850K, capacity 21110K, committed 21248K, reserved 1067008K
  class space    used 2632K, capacity 2733K, committed 2816K, reserved 1048576K
Event: 1.422 GC heap after
Heap after GC invocations=3 (full 0):
 PSYoungGen      total 137216K, used 10209K [0x000000076e200000, 0x000000077ee00000, 0x00000007c0000000)
  eden space 126976K, 0% used [0x000000076e200000,0x000000076e200000,0x0000000775e00000)
  from space 10240K, 99% used [0x0000000775e00000,0x00000007767f8710,0x0000000776800000)
  to   space 10240K, 0% used [0x000000077e400000,0x000000077e400000,0x000000077ee00000)
 ParOldGen       total 167936K, used 18213K [0x00000006ca600000, 0x00000006d4a00000, 0x000000076e200000)
  object space 167936K, 10% used [0x00000006ca600000,0x00000006cb7c96f0,0x00000006d4a00000)
 Metaspace       used 20850K, capacity 21110K, committed 21248K, reserved 1067008K
  class space    used 2632K, capacity 2733K, committed 2816K, reserved 1048576K
}
Event: 1.422 GC heap before
{Heap before GC invocations=4 (full 1):
 PSYoungGen      total 137216K, used 10209K [0x000000076e200000, 0x000000077ee00000, 0x00000007c0000000)
  eden space 126976K, 0% used [0x000000076e200000,0x000000076e200000,0x0000000775e00000)
  from space 10240K, 99% used [0x0000000775e00000,0x00000007767f8710,0x0000000776800000)
  to   space 10240K, 0% used [0x000000077e400000,0x000000077e400000,0x000000077ee00000)
 ParOldGen       total 167936K, used 18213K [0x00000006ca600000, 0x00000006d4a00000, 0x000000076e200000)
  object space 167936K, 10% used [0x00000006ca600000,0x00000006cb7c96f0,0x00000006d4a00000)
 Metaspace       used 20850K, capacity 21110K, committed 21248K, reserved 1067008K
  class space    used 2632K, capacity 2733K, committed 2816K, reserved 1048576K
Event: 1.451 GC heap after
Heap after GC invocations=4 (full 1):
 PSYoungGen      total 137216K, used 0K [0x000000076e200000, 0x000000077ee00000, 0x00000007c0000000)
  eden space 126976K, 0% used [0x000000076e200000,0x000000076e200000,0x0000000775e00000)
  from space 10240K, 0% used [0x0000000775e00000,0x0000000775e00000,0x0000000776800000)
  to   space 10240K, 0% used [0x000000077e400000,0x000000077e400000,0x000000077ee00000)
 ParOldGen       total 123392K, used 19783K [0x00000006ca600000, 0x00000006d1e80000, 0x000000076e200000)
  object space 123392K, 16% used [0x00000006ca600000,0x00000006cb951c60,0x00000006d1e80000)
 Metaspace       used 20850K, capacity 21110K, committed 21248K, reserved 1067008K
  class space    used 2632K, capacity 2733K, committed 2816K, reserved 1048576K
}

Deoptimization events (10 events):
Event: 1.247 Thread 0x000001eb95e79000 Uncommon trap: reason=class_check action=maybe_recompile pc=0x000001eb982b1208 method=org.eclipse.xtext.nodemodel.impl.NodeModelBuilder.addChild(Lorg/eclipse/xtext/nodemodel/ICompositeNode;Lorg/eclipse/xtext/nodemodel/impl/AbstractNode;)V @ 6
Event: 1.249 Thread 0x000001eb95e79000 Uncommon trap: reason=class_check action=maybe_recompile pc=0x000001eb98287358 method=org.eclipse.xtext.nodemodel.impl.NodeModelBuilder.addChild(Lorg/eclipse/xtext/nodemodel/ICompositeNode;Lorg/eclipse/xtext/nodemodel/impl/AbstractNode;)V @ 6
Event: 1.282 Thread 0x000001eb95e79000 Uncommon trap: reason=unstable_if action=reinterpret pc=0x000001eb983ed108 method=sun.nio.cs.UTF_8$Decoder.decodeArrayLoop(Ljava/nio/ByteBuffer;Ljava/nio/CharBuffer;)Ljava/nio/charset/CoderResult; @ 84
Event: 1.364 Thread 0x000001eb95e79000 Uncommon trap: reason=unstable_if action=reinterpret pc=0x000001eb97ceeb5c method=java.lang.ThreadLocal$ThreadLocalMap.getEntry(Ljava/lang/ThreadLocal;)Ljava/lang/ThreadLocal$ThreadLocalMap$Entry; @ 29
Event: 1.373 Thread 0x000001eb95e79000 Uncommon trap: reason=unstable_if action=reinterpret pc=0x000001eb9801aa3c method=java.util.concurrent.ConcurrentHashMap.putVal(Ljava/lang/Object;Ljava/lang/Object;Z)Ljava/lang/Object; @ 181
Event: 1.386 Thread 0x000001eb95e79000 Uncommon trap: reason=unstable_if action=reinterpret pc=0x000001eb97e7eefc method=java.lang.ref.SoftReference.get()Ljava/lang/Object; @ 17
Event: 1.408 Thread 0x000001eb95e79000 Uncommon trap: reason=unstable_if action=reinterpret pc=0x000001eb97cf042c method=java.lang.ThreadLocal$ThreadLocalMap.getEntry(Ljava/lang/ThreadLocal;)Ljava/lang/ThreadLocal$ThreadLocalMap$Entry; @ 29
Event: 1.484 Thread 0x000001eb95e79000 Uncommon trap: reason=unstable_if action=reinterpret pc=0x000001eb984fe8d4 method=org.uqbar.project.wollok.wollokDsl.impl.WMemberFeatureCallImpl.eIsSet(I)Z @ 104
Event: 1.554 Thread 0x000001eb95e79000 Uncommon trap: reason=unstable_if action=reinterpret pc=0x000001eb985b03fc method=java.io.WinNTFileSystem.normalize(Ljava/lang/String;)Ljava/lang/String; @ 49
Event: 1.564 Thread 0x000001eb95e79000 Uncommon trap: reason=predicate action=maybe_recompile pc=0x000001eb97f636ac method=java.lang.String.regionMatches(ZILjava/lang/String;II)Z @ 63

Classes redefined (0 events):
No events

Internal exceptions (10 events):
Event: 1.238 Thread 0x000001eb95e79000 Implicit null exception at 0x000001eb982f0a30 to 0x000001eb982f181d
Event: 1.473 Thread 0x000001eb95e79000 Exception <a 'java/lang/reflect/InvocationTargetException'> (0x000000076e619b10) thrown at [E:\Jenkins\workspace\temp\workspace\build\src\hotspot\src\share\vm\runtime\reflection.cpp, line 1092]
Event: 1.473 Thread 0x000001eb95e79000 Exception <a 'java/lang/reflect/InvocationTargetException'> (0x000000076e6321e0) thrown at [E:\Jenkins\workspace\temp\workspace\build\src\hotspot\src\share\vm\runtime\reflection.cpp, line 1092]
Event: 1.474 Thread 0x000001eb95e79000 Exception <a 'java/lang/reflect/InvocationTargetException'> (0x000000076e64a998) thrown at [E:\Jenkins\workspace\temp\workspace\build\src\hotspot\src\share\vm\runtime\reflection.cpp, line 1092]
Event: 1.628 Thread 0x000001eb95e79000 Exception <a 'java/security/PrivilegedActionException'> (0x000000076f396be0) thrown at [E:\Jenkins\workspace\temp\workspace\build\src\hotspot\src\share\vm\prims\jvm.cpp, line 1514]
Event: 1.628 Thread 0x000001eb95e79000 Exception <a 'java/security/PrivilegedActionException'> (0x000000076f398110) thrown at [E:\Jenkins\workspace\temp\workspace\build\src\hotspot\src\share\vm\prims\jvm.cpp, line 1514]
Event: 1.628 Thread 0x000001eb95e79000 Exception <a 'java/security/PrivilegedActionException'> (0x000000076f399540) thrown at [E:\Jenkins\workspace\temp\workspace\build\src\hotspot\src\share\vm\prims\jvm.cpp, line 1514]
Event: 1.628 Thread 0x000001eb95e79000 Exception <a 'java/security/PrivilegedActionException'> (0x000000076f39ac00) thrown at [E:\Jenkins\workspace\temp\workspace\build\src\hotspot\src\share\vm\prims\jvm.cpp, line 1514]
Event: 1.628 Thread 0x000001eb95e79000 Exception <a 'java/security/PrivilegedActionException'> (0x000000076f39bff8) thrown at [E:\Jenkins\workspace\temp\workspace\build\src\hotspot\src\share\vm\prims\jvm.cpp, line 1514]
Event: 1.628 Thread 0x000001eb95e79000 Exception <a 'java/security/PrivilegedActionException'> (0x000000076f39d3c0) thrown at [E:\Jenkins\workspace\temp\workspace\build\src\hotspot\src\share\vm\prims\jvm.cpp, line 1514]

Events (10 events):
Event: 1.660 loading class org/lwjgl/openal/ALCdevice
Event: 1.660 loading class org/lwjgl/openal/ALCdevice done
Event: 1.661 loading class org/lwjgl/openal/ALCcontext
Event: 1.661 loading class org/lwjgl/openal/ALCcontext done
Event: 1.661 loading class java/nio/DirectIntBufferU
Event: 1.661 loading class java/nio/DirectIntBufferU done
Event: 1.661 loading class org/lwjgl/openal/Util
Event: 1.661 loading class org/lwjgl/openal/Util done
Event: 1.661 loading class org/lwjgl/openal/OpenALException
Event: 1.661 loading class org/lwjgl/openal/OpenALException done


Dynamic libraries:
0x00007ff64bcb0000 - 0x00007ff64bd01000 	C:\Program Files\Eclipse Adoptium\jdk-8.0.402.6-hotspot\bin\javaw.exe
0x00007fffcf790000 - 0x00007fffcf9a7000 	C:\WINDOWS\SYSTEM32\ntdll.dll
0x00007fffcd570000 - 0x00007fffcd634000 	C:\WINDOWS\System32\KERNEL32.DLL
0x00007fffcd120000 - 0x00007fffcd4cc000 	C:\WINDOWS\System32\KERNELBASE.dll
0x00007fffced50000 - 0x00007fffcee02000 	C:\WINDOWS\System32\ADVAPI32.dll
0x00007fffcd7f0000 - 0x00007fffcd897000 	C:\WINDOWS\System32\msvcrt.dll
0x00007fffcd8a0000 - 0x00007fffcd94a000 	C:\WINDOWS\System32\sechost.dll
0x00007fffcce80000 - 0x00007fffccea8000 	C:\WINDOWS\System32\bcrypt.dll
0x00007fffcd640000 - 0x00007fffcd755000 	C:\WINDOWS\System32\RPCRT4.dll
0x00007fffcee10000 - 0x00007fffcefbe000 	C:\WINDOWS\System32\USER32.dll
0x00007fffccf50000 - 0x00007fffccf76000 	C:\WINDOWS\System32\win32u.dll
0x00007fffcd7c0000 - 0x00007fffcd7e9000 	C:\WINDOWS\System32\GDI32.dll
0x00007fffccd60000 - 0x00007fffcce79000 	C:\WINDOWS\System32\gdi32full.dll
0x00007fffcceb0000 - 0x00007fffccf4a000 	C:\WINDOWS\System32\msvcp_win.dll
0x00007fffcd000000 - 0x00007fffcd111000 	C:\WINDOWS\System32\ucrtbase.dll
0x00007fffb5620000 - 0x00007fffb58b3000 	C:\WINDOWS\WinSxS\amd64_microsoft.windows.common-controls_6595b64144ccf1df_6.0.22621.3672_none_2713b9d173822955\COMCTL32.dll
0x00007fffce7f0000 - 0x00007fffce821000 	C:\WINDOWS\System32\IMM32.DLL
0x00007fff8fef0000 - 0x00007fff8ff05000 	C:\Program Files\Eclipse Adoptium\jdk-8.0.402.6-hotspot\jre\bin\vcruntime140.dll
0x00007fff3dc70000 - 0x00007fff3dd0b000 	C:\Program Files\Eclipse Adoptium\jdk-8.0.402.6-hotspot\jre\bin\msvcp140.dll
0x0000000068b00000 - 0x0000000069359000 	C:\Program Files\Eclipse Adoptium\jdk-8.0.402.6-hotspot\jre\bin\server\jvm.dll
0x00007fffce910000 - 0x00007fffce918000 	C:\WINDOWS\System32\PSAPI.DLL
0x00007fffb7170000 - 0x00007fffb7179000 	C:\WINDOWS\SYSTEM32\WSOCK32.dll
0x00007fffc2950000 - 0x00007fffc2984000 	C:\WINDOWS\SYSTEM32\WINMM.dll
0x00007fffc5070000 - 0x00007fffc507a000 	C:\WINDOWS\SYSTEM32\VERSION.dll
0x00007fffcec40000 - 0x00007fffcecb1000 	C:\WINDOWS\System32\WS2_32.dll
0x00007fffcbaf0000 - 0x00007fffcbb08000 	C:\WINDOWS\SYSTEM32\kernel.appcore.dll
0x00007fffa7a70000 - 0x00007fffa7a80000 	C:\Program Files\Eclipse Adoptium\jdk-8.0.402.6-hotspot\jre\bin\verify.dll
0x00007fff7b650000 - 0x00007fff7b67b000 	C:\Program Files\Eclipse Adoptium\jdk-8.0.402.6-hotspot\jre\bin\java.dll
0x00007fff94ad0000 - 0x00007fff94ae8000 	C:\Program Files\Eclipse Adoptium\jdk-8.0.402.6-hotspot\jre\bin\zip.dll
0x00007fffcdb30000 - 0x00007fffce38c000 	C:\WINDOWS\System32\SHELL32.dll
0x00007fffcaa10000 - 0x00007fffcb307000 	C:\WINDOWS\SYSTEM32\windows.storage.dll
0x00007fffce450000 - 0x00007fffce7d8000 	C:\WINDOWS\System32\combase.dll
0x00007fffca8d0000 - 0x00007fffcaa0f000 	C:\WINDOWS\SYSTEM32\wintypes.dll
0x00007fffce9d0000 - 0x00007fffceac4000 	C:\WINDOWS\System32\SHCORE.dll
0x00007fffcd760000 - 0x00007fffcd7be000 	C:\WINDOWS\System32\shlwapi.dll
0x00007fffcc9f0000 - 0x00007fffcca11000 	C:\WINDOWS\SYSTEM32\profapi.dll
0x0000000065580000 - 0x0000000065616000 	C:\Users\lucas\AppData\Local\Temp\libgdxlucas\12dfaa03\gdx64.dll
0x00007fffcc230000 - 0x00007fffcc24b000 	C:\WINDOWS\SYSTEM32\CRYPTSP.dll
0x00007fffcba50000 - 0x00007fffcba85000 	C:\WINDOWS\system32\rsaenh.dll
0x00007fffcc0d0000 - 0x00007fffcc0f8000 	C:\WINDOWS\SYSTEM32\USERENV.dll
0x00007fffccf80000 - 0x00007fffccffb000 	C:\WINDOWS\System32\bcryptprimitives.dll
0x00007fffcc250000 - 0x00007fffcc25c000 	C:\WINDOWS\SYSTEM32\CRYPTBASE.dll
0x00007fff7bab0000 - 0x00007fff7bacc000 	C:\Program Files\Eclipse Adoptium\jdk-8.0.402.6-hotspot\jre\bin\net.dll
0x00007fffcbf60000 - 0x00007fffcbfc9000 	C:\WINDOWS\system32\mswsock.dll
0x00007fffcb570000 - 0x00007fffcb59d000 	C:\WINDOWS\SYSTEM32\IPHLPAPI.DLL
0x00007fffcdb10000 - 0x00007fffcdb19000 	C:\WINDOWS\System32\NSI.dll
0x00007fffc9600000 - 0x00007fffc9619000 	C:\WINDOWS\SYSTEM32\dhcpcsvc6.DLL
0x00007fffc95e0000 - 0x00007fffc95ff000 	C:\WINDOWS\SYSTEM32\dhcpcsvc.DLL
0x00007fffcb5e0000 - 0x00007fffcb6d8000 	C:\WINDOWS\SYSTEM32\DNSAPI.dll
0x00007fff7ba50000 - 0x00007fff7ba63000 	C:\Program Files\Eclipse Adoptium\jdk-8.0.402.6-hotspot\jre\bin\nio.dll
0x0000000180000000 - 0x0000000180053000 	C:\Users\lucas\AppData\Local\Temp\libgdxlucas\dc0f0009\lwjgl64.dll
0x00007fff6d530000 - 0x00007fff6d630000 	C:\WINDOWS\SYSTEM32\OPENGL32.dll
0x00007fff6ce50000 - 0x00007fff6ce7d000 	C:\WINDOWS\SYSTEM32\GLU32.dll
0x00007fffca100000 - 0x00007fffca139000 	C:\WINDOWS\SYSTEM32\dxcore.dll
0x000001ebb91e0000 - 0x000001ebb9244000 	C:\Users\lucas\AppData\Local\Temp\libgdxlucas\dc0f0009\OpenAL64.dll
0x00007fffcf5a0000 - 0x00007fffcf745000 	C:\WINDOWS\System32\ole32.dll
0x00007fffc9fe0000 - 0x00007fffca08a000 	C:\WINDOWS\system32\uxtheme.dll
0x000001ebb9500000 - 0x000001ebbc9b4000 	C:\Program Files (x86)\RivaTuner Statistics Server\RTSSHooks64.dll
0x00007fffcf120000 - 0x00007fffcf594000 	C:\WINDOWS\System32\SETUPAPI.dll
0x00007fffce920000 - 0x00007fffce9d0000 	C:\WINDOWS\System32\clbcatq.dll
0x00007fff3cad0000 - 0x00007fff3cb72000 	C:\WINDOWS\SYSTEM32\dsound.dll
0x00007fff95330000 - 0x00007fff953e1000 	C:\WINDOWS\SYSTEM32\ResampleDmo.DLL
0x00007fffcc330000 - 0x00007fffcc37d000 	C:\WINDOWS\SYSTEM32\powrprof.dll
0x00007fff9d170000 - 0x00007fff9d199000 	C:\WINDOWS\SYSTEM32\winmmbase.dll
0x00007fffce830000 - 0x00007fffce907000 	C:\WINDOWS\System32\OLEAUT32.dll
0x00007fffa75c0000 - 0x00007fffa75cb000 	C:\WINDOWS\SYSTEM32\msdmo.dll
0x00007fffcc310000 - 0x00007fffcc323000 	C:\WINDOWS\SYSTEM32\UMPDC.dll
0x00007fffc3b50000 - 0x00007fffc3bed000 	C:\WINDOWS\System32\MMDevApi.dll
0x00007fffcc770000 - 0x00007fffcc79c000 	C:\WINDOWS\System32\DEVOBJ.dll
0x00007fffcc7a0000 - 0x00007fffcc7ee000 	C:\WINDOWS\SYSTEM32\cfgmgr32.dll
0x00007fffbce00000 - 0x00007fffbcfec000 	C:\WINDOWS\SYSTEM32\AUDIOSES.DLL
0x00007fffc6c50000 - 0x00007fffc6e82000 	C:\WINDOWS\SYSTEM32\dbghelp.dll

VM Arguments:
jvm_args: -Duser.language=es_AR -Dfile.encoding=UTF-8 
java_command: org.uqbar.project.wollok.launch.WollokLauncher -requestsPort 0 -eventsPort 0 -folder -dontValidate -wf src/juego.wpgm
java_class_path (initial): F:\UNAHUR\3 Primer cuatri\donkeyKong-lanht\bin;F:\wollok-win32.win32.x86_64\plugins\com.ibm.icu_64.2.0.v20190507-1337.jar;F:\wollok-win32.win32.x86_64\plugins\org.eclipse.xtext_2.20.0.v20191202-0915.jar;F:\wollok-win32.win32.x86_64\plugins\org.eclipse.emf.ecore.xmi_2.16.0.v20190528-0725.jar;F:\wollok-win32.win32.x86_64\plugins\org.eclipse.emf.ecore_2.20.0.v20190920-0401.jar;F:\wollok-win32.win32.x86_64\plugins\org.eclipse.emf.common_2.17.0.v20190920-0401.jar;F:\wollok-win32.win32.x86_64\plugins\org.antlr.runtime_3.2.0.v201101311130.jar;F:\wollok-win32.win32.x86_64\plugins\com.google.inject_3.0.0.v201605172100.jar;F:\wollok-win32.win32.x86_64\plugins\org.eclipse.emf.mwe.core_1.5.1.v20191121-1148.jar;F:\wollok-win32.win32.x86_64\plugins\org.apache.commons.cli_1.2.0.v201404270220.jar;F:\wollok-win32.win32.x86_64\plugins\org.eclipse.emf.mwe2.runtime_2.11.1.v20191121-1148.jar;F:\wollok-win32.win32.x86_64\plugins\org.eclipse.emf.mwe.utils_1.5.1.v20191121-1148.jar;F:\wollok-win32.win32.x86_64\plugins\org.eclipse.xtext.util_2.20.0.v20191202-0915.jar;F:\wollok-win32.win32.x86_64\plugins\com.google.guava_27.1.0.v20190517-1946.jar;F:\wollok-win32.win32.x86_64\plugins\javax.inject_1.0.0.v20091030.jar;F:\wollok-win32.win32.x86_64\plugins\org.eclipse.xtext.generator_2.20.0.v20191202-0933.jar;F:\wollok-win32.win32.x86_64\plugins\org.eclipse.xtext.xtext.generator_2.20.0.v20191202-0915.jar;F:\wollok-win32.win32.x86_64\plugins\org.eclipse.xtext.xbase.lib_2.20.0.v20191202-0907.jar;F:\wollok-win32.win32.x86_64\plugins\org.eclipse.emf.codegen.ecore_2.20.0.v20191012-0918.jar;F:\wollok-win32.win32.x86_64\plugins\org.eclipse.emf.codegen_2.19.0.v20190821-1536.jar;F:\wollok-win32.win32.x86_64\plugins\org.eclipse.xtend_2.2.0.v201605260315.jar;F:\wollok-win32.win32.x86_64\plugins\org.eclipse.xpand_2.2.0.v201605260315.jar;F:\wollok-win32.win32.x86_64\plugins\org.eclipse.xtend.typesystem.emf_2.2.0.v201605260315.jar;F:\wollok-win32.win32.x86_64\plugins\org.uqbar.proje
Launcher Type: SUN_STANDARD

Environment Variables:
PATH=C:/Program Files/Eclipse Adoptium/jdk-8.0.402.6-hotspot/bin/../jre/bin/server;C:/Program Files/Eclipse Adoptium/jdk-8.0.402.6-hotspot/bin/../jre/bin;C:/Program Files/Eclipse Adoptium/jdk-8.0.402.6-hotspot/bin/../jre/lib/amd64;C:\Program Files\Eclipse Adoptium\jdk-8.0.402.6-hotspot\bin;C:\WINDOWS\system32;C:\WINDOWS;C:\WINDOWS\System32\Wbem;C:\WINDOWS\System32\WindowsPowerShell\v1.0\;C:\WINDOWS\System32\OpenSSH\;C:\Program Files\dotnet\;C:\Program Files\Git\cmd;C:\Users\lucas\anaconda3;C:\Users\lucas\anaconda3\Library\mingw-w64\bin;C:\Users\lucas\anaconda3\Library\usr\bin;C:\Users\lucas\anaconda3\Library\bin;C:\Users\lucas\anaconda3\Scripts;C:\Users\lucas\AppData\Local\Programs\Python\Launcher\;C:\Users\lucas\AppData\Local\Microsoft\WindowsApps;C:\Users\lucas\AppData\Local\Programs\Microsoft VS Code\bin;C:\Users\lucas\AppData\Local\Programs\Python\Python312;C:\Users\lucas\AppData\Local\Programs\Python\Python312\Scripts;F:\wollok-win32.win32.x86_64;
USERNAME=lucas
OS=Windows_NT
PROCESSOR_IDENTIFIER=AMD64 Family 25 Model 80 Stepping 0, AuthenticAMD



---------------  S Y S T E M  ---------------

OS: Windows 11 , 64 bit Build 22621 (10.0.22621.3672)

CPU:total 16 (initial active 16) (16 cores per cpu, 1 threads per core) family 25 model 80 stepping 0, cmov, cx8, fxsr, mmx, sse, sse2, sse3, ssse3, sse4.1, sse4.2, popcnt, avx, avx2, aes, clmul, erms, mmxext, 3dnowpref, lzcnt, sse4a, tsc, tscinvbit, tscinv, bmi1

Memory: 4k page, physical 16095920k(7658112k free), swap 26057392k(6360204k free)

vm_info: OpenJDK 64-Bit Server VM (25.402-b06) for windows-amd64 JRE (1.8.0_402-b06), built on Jan 16 2024 21:53:06 by "jenkins" with MS VC++ 15.9 (VS2017)

time: Mon Jun 24 22:55:57 2024
timezone: Hora estándar de Argentina
elapsed time: 1.682752 seconds (0d 0h 0m 1s)

